Watching for file changes with StatReloader
Watching for file changes with StatReloader
Not Found: /favicon.ico
Not Found: /favicon.ico
Not Found: /favicon.ico
/home/ubuntu/Desktop/Project/quiz_project/quiz/models.py changed, reloading.
Watching for file changes with StatReloader
Not Found: /favicon.ico
Not Found: /favicon.ico
/home/ubuntu/Desktop/Project/quiz_project/quiz/views.py changed, reloading.
Watching for file changes with StatReloader
Internal Server Error: /leaderboard/
Traceback (most recent call last):
  File "/home/ubuntu/Desktop/Project/venv/lib/python3.8/site-packages/django/db/models/sql/query.py", line 2162, in add_fields
    join_info = self.setup_joins(
  File "/home/ubuntu/Desktop/Project/venv/lib/python3.8/site-packages/django/db/models/sql/query.py", line 1824, in setup_joins
    path, final_field, targets, rest = self.names_to_path(
  File "/home/ubuntu/Desktop/Project/venv/lib/python3.8/site-packages/django/db/models/sql/query.py", line 1725, in names_to_path
    raise FieldError(
django.core.exceptions.FieldError: Cannot resolve keyword 'title' into field. Choices are: assigned_at, completed, id, quiz, quiz_id, score, user, user_id

During handling of the above exception, another exception occurred:

Traceback (most recent call last):
  File "/home/ubuntu/Desktop/Project/venv/lib/python3.8/site-packages/django/core/handlers/exception.py", line 55, in inner
    response = get_response(request)
  File "/home/ubuntu/Desktop/Project/venv/lib/python3.8/site-packages/django/core/handlers/base.py", line 197, in _get_response
    response = wrapped_callback(request, *callback_args, **callback_kwargs)
  File "/home/ubuntu/Desktop/Project/venv/lib/python3.8/site-packages/django/contrib/auth/decorators.py", line 23, in _wrapper_view
    return view_func(request, *args, **kwargs)
  File "/home/ubuntu/Desktop/Project/quiz_project/quiz/views.py", line 139, in leaderboard
    AssignedQuiz.objects.filter(completed=True)
  File "/home/ubuntu/Desktop/Project/venv/lib/python3.8/site-packages/django/db/models/query.py", line 1313, in values
    clone = self._values(*fields, **expressions)
  File "/home/ubuntu/Desktop/Project/venv/lib/python3.8/site-packages/django/db/models/query.py", line 1308, in _values
    clone.query.set_values(fields)
  File "/home/ubuntu/Desktop/Project/venv/lib/python3.8/site-packages/django/db/models/sql/query.py", line 2463, in set_values
    self.add_fields(field_names, True)
  File "/home/ubuntu/Desktop/Project/venv/lib/python3.8/site-packages/django/db/models/sql/query.py", line 2195, in add_fields
    raise FieldError(
django.core.exceptions.FieldError: Cannot resolve keyword 'title' into field. Choices are: assigned_at, completed, id, quiz, quiz_id, score, user, user_id
Not Found: /favicon.ico
/home/ubuntu/Desktop/Project/quiz_project/quiz/views.py changed, reloading.
Watching for file changes with StatReloader
/home/ubuntu/Desktop/Project/quiz_project/quiz/views.py changed, reloading.
Watching for file changes with StatReloader
Not Found: /favicon.ico
Not Found: /favicon.ico
Not Found: /favicon.ico
Not Found: /favicon.ico
Watching for file changes with StatReloader
Not Found: /favicon.ico
/home/ubuntu/Desktop/Project/quiz_project/quiz/models.py changed, reloading.
Watching for file changes with StatReloader
/home/ubuntu/Desktop/Project/quiz_project/quiz/views.py changed, reloading.
Watching for file changes with StatReloader
/home/ubuntu/Desktop/Project/quiz_project/quiz/views.py changed, reloading.
Watching for file changes with StatReloader
/home/ubuntu/Desktop/Project/quiz_project/quiz/views.py changed, reloading.
Watching for file changes with StatReloader
/home/ubuntu/Desktop/Project/quiz_project/quiz/views.py changed, reloading.
Watching for file changes with StatReloader
/home/ubuntu/Desktop/Project/quiz_project/quiz/views.py changed, reloading.
Watching for file changes with StatReloader
/home/ubuntu/Desktop/Project/quiz_project/quiz/views.py changed, reloading.
Watching for file changes with StatReloader
/home/ubuntu/Desktop/Project/quiz_project/quiz/views.py changed, reloading.
Watching for file changes with StatReloader
/home/ubuntu/Desktop/Project/quiz_project/quiz/views.py changed, reloading.
Watching for file changes with StatReloader
/home/ubuntu/Desktop/Project/quiz_project/quiz/views.py changed, reloading.
Watching for file changes with StatReloader
/home/ubuntu/Desktop/Project/quiz_project/quiz/views.py changed, reloading.
Watching for file changes with StatReloader
/home/ubuntu/Desktop/Project/quiz_project/quiz/views.py changed, reloading.
Watching for file changes with StatReloader
/home/ubuntu/Desktop/Project/quiz_project/quiz/urls.py changed, reloading.
Watching for file changes with StatReloader
/home/ubuntu/Desktop/Project/quiz_project/quiz/views.py changed, reloading.
Watching for file changes with StatReloader
/home/ubuntu/Desktop/Project/quiz_project/quiz/views.py changed, reloading.
Watching for file changes with StatReloader
/home/ubuntu/Desktop/Project/quiz_project/quiz/views.py changed, reloading.
Watching for file changes with StatReloader
/home/ubuntu/Desktop/Project/quiz_project/quiz/views.py changed, reloading.
Watching for file changes with StatReloader
/home/ubuntu/Desktop/Project/quiz_project/quiz/views.py changed, reloading.
Watching for file changes with StatReloader
